Using pre-set license
Built from '2020.3/staging' branch; Version is '2020.3.13f1 (71691879b7f5) revision 7432472'; Using compiler version '192528614'; Build Type 'Release'
OS: 'Windows 10 Pro; OS build 19043.1083; Version 2009; 64bit' Language: 'ko' Physical Memory: 32676 MB
BatchMode: 1, IsHumanControllingUs: 0, StartBugReporterOnCrash: 0, Is64bit: 1, IsPro: 0

 COMMAND LINE ARGUMENTS:
E:\Unity\2020.3.13f1\Editor\Unity.exe
-adb2
-batchMode
-noUpm
-name
AssetImportWorker0
-projectPath
C:/UnityProject/Study/MouseKnight
-logFile
Logs/AssetImportWorker0.log
-srvPort
5785
Successfully changed project path to: C:/UnityProject/Study/MouseKnight
C:/UnityProject/Study/MouseKnight
Using Asset Import Pipeline V2.
Refreshing native plugins compatible for Editor in 22.58 ms, found 2 plugins.
Preloading 0 native plugins for Editor in 0.00 ms.
Initialize engine version: 2020.3.13f1 (71691879b7f5)
[Subsystems] Discovering subsystems at path E:/Unity/2020.3.13f1/Editor/Data/Resources/UnitySubsystems
[Subsystems] Discovering subsystems at path C:/UnityProject/Study/MouseKnight/Assets
GfxDevice: creating device client; threaded=0
Direct3D:
    Version:  Direct3D 11.0 [level 11.1]
    Renderer: NVIDIA GeForce GTX 1060 3GB (ID=0x1b84)
    Vendor:   
    VRAM:     2988 MB
    Driver:   27.21.14.5671
Initialize mono
Mono path[0] = 'E:/Unity/2020.3.13f1/Editor/Data/Managed'
Mono path[1] = 'E:/Unity/2020.3.13f1/Editor/Data/MonoBleedingEdge/lib/mono/unityjit'
Mono config path = 'E:/Unity/2020.3.13f1/Editor/Data/MonoBleedingEdge/etc'
Using monoOptions --debugger-agent=transport=dt_socket,embedding=1,server=y,suspend=n,address=127.0.0.1:56032
Begin MonoManager ReloadAssembly
Registering precompiled unity dll's ...
Register platform support module: E:/Unity/2020.3.13f1/Editor/Data/PlaybackEngines/WindowsStandaloneSupport/UnityEditor.WindowsStandalone.Extensions.dll
Registered in 0.000892 seconds.
Native extension for WindowsStandalone target not found
Refreshing native plugins compatible for Editor in 24.04 ms, found 2 plugins.
Preloading 0 native plugins for Editor in 0.00 ms.
Mono: successfully reloaded assembly
- Completed reload, in  1.370 seconds
Platform modules already initialized, skipping
Registering precompiled user dll's ...
Registered in 0.002811 seconds.
Begin MonoManager ReloadAssembly
Native extension for WindowsStandalone target not found
Refreshing native plugins compatible for Editor in 0.35 ms, found 2 plugins.
Preloading 0 native plugins for Editor in 0.00 ms.
Mono: successfully reloaded assembly
- Completed reload, in  0.694 seconds
Platform modules already initialized, skipping
========================================================================
Worker process is ready to serve import requests
Launched and connected shader compiler UnityShaderCompiler.exe after 0.04 seconds
Refreshing native plugins compatible for Editor in 0.31 ms, found 2 plugins.
Preloading 0 native plugins for Editor in 0.00 ms.
Unloading 1574 Unused Serialized files (Serialized files now loaded: 0)
System memory in use before: 73.5 MB.
System memory in use after: 73.5 MB.

Unloading 20 unused Assets to reduce memory usage. Loaded Objects now: 2008.
Total: 1.925000 ms (FindLiveObjects: 0.147000 ms CreateObjectMapping: 0.035800 ms MarkObjects: 1.674800 ms  DeleteObjects: 0.066600 ms)

AssetImportParameters requested are different than current active one (requested -> active):
  custom:framework-win-MediaFoundation: 216162199b28c13a410421893ffa2e32 -> 
  custom:video-decoder-ogg-theora: a1e56fd34408186e4bbccfd4996cb3dc -> 
  custom:container-muxer-webm: aa71ff27fc2769a1b78a27578f13a17b -> 
  custom:container-demuxer-webm: 4f35f7cbe854078d1ac9338744f61a02 -> 
  custom:container-demuxer-ogg: 62fdf1f143b41e24485cea50d1cbac27 -> 
  custom:video-encoder-webm-vp8: eb34c28f22e8b96e1ab97ce403110664 -> 
  custom:video-decoder-webm-vp8: 9c59270c3fd7afecdb556c50c9e8de78 -> 
  custom:audio-decoder-ogg-vorbis: bf7c407c2cedff20999df2af8eb42d56 -> 
  custom:audio-encoder-webm-vorbis: bf7c407c2cedff20999df2af8eb42d56 -> 
========================================================================
Received Import Request.
  path: Assets/Medieval King Pack 2/Sprites/Attack1.png
  artifactKey: Guid(a69f9e788982b8746a34ef183bb4aacf) Importer(815301076,1909f56bfc062723c751e8b465ee728b)
Start importing Assets/Medieval King Pack 2/Sprites/Attack1.png using Guid(a69f9e788982b8746a34ef183bb4aacf) Importer(815301076,1909f56bfc062723c751e8b465ee728b)  -> (artifact id: 'f40f1d6b0a7e867ce4c8aad9d3d2fdc1') in 0.102694 seconds 
  Import took 0.104692 seconds .

========================================================================
Received Import Request.
  Time since last request: 0.000118 seconds.
  path: Assets/Medieval King Pack 2/Sprites/Take Hit.png
  artifactKey: Guid(a0175151646ae1b458b1bb6f1c6d1c94) Importer(815301076,1909f56bfc062723c751e8b465ee728b)
Start importing Assets/Medieval King Pack 2/Sprites/Take Hit.png using Guid(a0175151646ae1b458b1bb6f1c6d1c94) Importer(815301076,1909f56bfc062723c751e8b465ee728b)  -> (artifact id: '63c7c31db0ea6bb49f4e27f87edd98e4') in 0.008491 seconds 
  Import took 0.010214 seconds .

========================================================================
Received Import Request.
  Time since last request: 0.000124 seconds.
  path: Assets/Medieval King Pack 2/Sprites/Attack2.png
  artifactKey: Guid(426f724d7a0489b48be59c8e9125a9b4) Importer(815301076,1909f56bfc062723c751e8b465ee728b)
Start importing Assets/Medieval King Pack 2/Sprites/Attack2.png using Guid(426f724d7a0489b48be59c8e9125a9b4) Importer(815301076,1909f56bfc062723c751e8b465ee728b)  -> (artifact id: 'ac360547efa8531cd94b4811ab529277') in 0.008745 seconds 
  Import took 0.010696 seconds .

========================================================================
Received Import Request.
  Time since last request: 0.000142 seconds.
  path: Assets/Medieval King Pack 2/Sprites/Jump.png
  artifactKey: Guid(0a9460c5d02da8e46a486b489e357b89) Importer(815301076,1909f56bfc062723c751e8b465ee728b)
Start importing Assets/Medieval King Pack 2/Sprites/Jump.png using Guid(0a9460c5d02da8e46a486b489e357b89) Importer(815301076,1909f56bfc062723c751e8b465ee728b)  -> (artifact id: '999cd2c399bf17fa73992de689e9cc9b') in 0.012038 seconds 
  Import took 0.013696 seconds .

========================================================================
Received Import Request.
  Time since last request: 0.000113 seconds.
  path: Assets/Medieval King Pack 2/Sprites/Idle.png
  artifactKey: Guid(0e3502a80399d164ea01f1868f65acbf) Importer(815301076,1909f56bfc062723c751e8b465ee728b)
Start importing Assets/Medieval King Pack 2/Sprites/Idle.png using Guid(0e3502a80399d164ea01f1868f65acbf) Importer(815301076,1909f56bfc062723c751e8b465ee728b)  -> (artifact id: 'e84e22c0c5193926fe30b7a874cd6edd') in 0.015484 seconds 
  Import took 0.017294 seconds .

========================================================================
Received Import Request.
  Time since last request: 0.000111 seconds.
  path: Assets/Medieval King Pack 2/Sprites/Take Hit - white silhouette.png
  artifactKey: Guid(6e2b860b2cf2adc4788f1feb7233fefa) Importer(815301076,1909f56bfc062723c751e8b465ee728b)
Start importing Assets/Medieval King Pack 2/Sprites/Take Hit - white silhouette.png using Guid(6e2b860b2cf2adc4788f1feb7233fefa) Importer(815301076,1909f56bfc062723c751e8b465ee728b)  -> (artifact id: 'e79d82dd1f3208e4b85971ccfbb0c3a5') in 0.007080 seconds 
  Import took 0.008508 seconds .

========================================================================
Received Import Request.
  Time since last request: 0.000098 seconds.
  path: Assets/Medieval King Pack 2/Sprites/Idle.png
  artifactKey: Guid(0e3502a80399d164ea01f1868f65acbf) Importer(815301076,1909f56bfc062723c751e8b465ee728b)
Start importing Assets/Medieval King Pack 2/Sprites/Idle.png using Guid(0e3502a80399d164ea01f1868f65acbf) Importer(815301076,1909f56bfc062723c751e8b465ee728b)  -> (artifact id: 'e84e22c0c5193926fe30b7a874cd6edd') in 0.018115 seconds 
  Import took 0.019780 seconds .

========================================================================
Received Import Request.
  Time since last request: 0.000107 seconds.
  path: Assets/Medieval King Pack 2/Sprites/Attack3.png
  artifactKey: Guid(54ec4f0cdd3de40498e6a8dc361b8953) Importer(815301076,1909f56bfc062723c751e8b465ee728b)
Start importing Assets/Medieval King Pack 2/Sprites/Attack3.png using Guid(54ec4f0cdd3de40498e6a8dc361b8953) Importer(815301076,1909f56bfc062723c751e8b465ee728b)  -> (artifact id: '78b51dab2500276bf12e04d737206521') in 0.007705 seconds 
  Import took 0.009155 seconds .

========================================================================
Received Import Request.
  Time since last request: 0.000104 seconds.
  path: Assets/Medieval King Pack 2/Sprites/Death.png
  artifactKey: Guid(11dfc7ac31d5c7847968009983536a96) Importer(815301076,1909f56bfc062723c751e8b465ee728b)
Start importing Assets/Medieval King Pack 2/Sprites/Death.png using Guid(11dfc7ac31d5c7847968009983536a96) Importer(815301076,1909f56bfc062723c751e8b465ee728b)  -> (artifact id: 'd1ae81cedc7097926f307f006936c0eb') in 0.011608 seconds 
  Import took 0.013176 seconds .

========================================================================
Received Import Request.
  Time since last request: 0.000118 seconds.
  path: Assets/Medieval King Pack 2/Sprites/Fall.png
  artifactKey: Guid(18c272d27b28a784083dec9dbfbfa466) Importer(815301076,1909f56bfc062723c751e8b465ee728b)
Start importing Assets/Medieval King Pack 2/Sprites/Fall.png using Guid(18c272d27b28a784083dec9dbfbfa466) Importer(815301076,1909f56bfc062723c751e8b465ee728b)  -> (artifact id: '0bd1913553c0bf2d22d185bbfc5952ee') in 0.005146 seconds 
  Import took 0.006544 seconds .

========================================================================
Received Import Request.
  Time since last request: 0.000103 seconds.
  path: Assets/Medieval King Pack 2/Sprites/Run.png
  artifactKey: Guid(b41abf840d9ea3741a347d9f69137138) Importer(815301076,1909f56bfc062723c751e8b465ee728b)
Start importing Assets/Medieval King Pack 2/Sprites/Run.png using Guid(b41abf840d9ea3741a347d9f69137138) Importer(815301076,1909f56bfc062723c751e8b465ee728b)  -> (artifact id: 'b28b15cc4da533114a9ca5759e57b3ad') in 0.014623 seconds 
  Import took 0.016374 seconds .

========================================================================
Received Import Request.
  Time since last request: 0.000136 seconds.
  path: Assets/Medieval King Pack 2/Sprites/Fall.png
  artifactKey: Guid(18c272d27b28a784083dec9dbfbfa466) Importer(815301076,1909f56bfc062723c751e8b465ee728b)
Start importing Assets/Medieval King Pack 2/Sprites/Fall.png using Guid(18c272d27b28a784083dec9dbfbfa466) Importer(815301076,1909f56bfc062723c751e8b465ee728b)  -> (artifact id: '0bd1913553c0bf2d22d185bbfc5952ee') in 0.005744 seconds 
  Import took 0.007371 seconds .

========================================================================
Received Import Request.
  Time since last request: 0.010307 seconds.
  path: Assets/Medieval King Pack 2/Sprites/Run.png
  artifactKey: Guid(b41abf840d9ea3741a347d9f69137138) Importer(815301076,1909f56bfc062723c751e8b465ee728b)
Start importing Assets/Medieval King Pack 2/Sprites/Run.png using Guid(b41abf840d9ea3741a347d9f69137138) Importer(815301076,1909f56bfc062723c751e8b465ee728b)  -> (artifact id: 'b28b15cc4da533114a9ca5759e57b3ad') in 0.011702 seconds 
  Import took 0.013656 seconds .

========================================================================
Received Import Request.
  Time since last request: 5.971630 seconds.
  path: Assets/MapSprite/layer1.png
  artifactKey: Guid(52af3d3a45eb93d42a4003630223d852) Importer(815301076,1909f56bfc062723c751e8b465ee728b)
Start importing Assets/MapSprite/layer1.png using Guid(52af3d3a45eb93d42a4003630223d852) Importer(815301076,1909f56bfc062723c751e8b465ee728b)  -> (artifact id: 'a9026ab8d49d2c3b8e24bfd47c78b149') in 0.006687 seconds 
  Import took 0.008673 seconds .

========================================================================
Received Import Request.
  Time since last request: 0.014649 seconds.
  path: Assets/MapSprite/layer0.png
  artifactKey: Guid(69a4abe16659baf4cb56796cc034814f) Importer(815301076,1909f56bfc062723c751e8b465ee728b)
Start importing Assets/MapSprite/layer0.png using Guid(69a4abe16659baf4cb56796cc034814f) Importer(815301076,1909f56bfc062723c751e8b465ee728b)  -> (artifact id: '1e7184f1afffb7fb6894f46961d0a18f') in 0.005883 seconds 
  Import took 0.007901 seconds .

========================================================================
Received Import Request.
  Time since last request: 0.000107 seconds.
  path: Assets/MapSprite/layer2.png
  artifactKey: Guid(139e00db3e822d440bc052abcb07c943) Importer(815301076,1909f56bfc062723c751e8b465ee728b)
Start importing Assets/MapSprite/layer2.png using Guid(139e00db3e822d440bc052abcb07c943) Importer(815301076,1909f56bfc062723c751e8b465ee728b)  -> (artifact id: '0a1270138b396a94fc93bb1146c7f367') in 0.005552 seconds 
  Import took 0.007406 seconds .

========================================================================
Received Import Request.
  Time since last request: 0.008604 seconds.
  path: Assets/MapSprite/layer2.png
  artifactKey: Guid(139e00db3e822d440bc052abcb07c943) Importer(815301076,1909f56bfc062723c751e8b465ee728b)
Start importing Assets/MapSprite/layer2.png using Guid(139e00db3e822d440bc052abcb07c943) Importer(815301076,1909f56bfc062723c751e8b465ee728b)  -> (artifact id: '0a1270138b396a94fc93bb1146c7f367') in 0.004651 seconds 
  Import took 0.006533 seconds .

